<?xml version="1.0" encoding="UTF-8"?>
<testng-results ignored="0" total="1" passed="1" failed="0" skipped="0">
  <reporter-output>
  </reporter-output>
  <suite started-at="2022-05-23T08:00:31 ART" name="Default suite" finished-at="2022-05-23T08:00:35 ART" duration-ms="4338">
    <groups>
    </groups>
    <test started-at="2022-05-23T08:00:31 ART" name="Default test" finished-at="2022-05-23T08:00:35 ART" duration-ms="4338">
      <class name="PrimerProyecto">
        <test-method signature="ValidarBusquedaWikipedia()[pri:0, instance:PrimerProyecto@47d9a273]" started-at="2022-05-23T08:00:31 ART" name="ValidarBusquedaWikipedia" description="Validar que las busquedas en Wikipedia funcionan" finished-at="2022-05-23T08:00:35 ART" duration-ms="4321" status="PASS">
          <reporter-output>
          </reporter-output>
        </test-method> <!-- ValidarBusquedaWikipedia -->
      </class> <!-- PrimerProyecto -->
    </test> <!-- Default test -->
  </suite> <!-- Default suite -->
</testng-results>
